
Starting params:  tend=10 dt=0.00390625 eps=1e-11 lw=128 pmax=4
Using input: /Users/brandonmanley/Documents/nBody/data/inputs/indat_10_1_2.dat
Using output: /Users/brandonmanley/Documents/nBody/data/brutusSim/brutus10_1_2.csv
Evolving model... 012345678910111213141516171819202122232425262728293031323334
Diverged at 0.0414242
353637383940
Diverged at 9.844
414243444546474849505152535455565758596061626364656667686970717273747576777879808182
Diverged at 0.20194
8384
Diverged at 0.356828
85
Diverged at 0.9478
8687888990919293949596979899100101102103104
Diverged at 0.0979551
105106107108109110111112113114115
Diverged at 1.19522
116117118119120121122123124125126127128129130131132133134135136137138139140141142143144145146147148149150151152153154155156157158159160161162163164165166167168169170171172173174
Diverged at 2.02426
175176177178179180181182183184185